# JRE version: OpenJDK Runtime Environment (8.0_152-b08) (build 1.8.0_152-release-915-b08)
# Java VM: OpenJDK 64-Bit Server VM (25.152-b08 mixed mode bsd-amd64 compressed oops)
Heap:
 PSYoungGen      total 407552K, used 355369K [0x00000007a0000000, 0x00000007c0000000, 0x00000007c0000000)
  eden space 350208K, 85% used [0x00000007a0000000,0x00000007b233c308,0x00000007b5600000)
  from space 57344K, 99% used [0x00000007b5600000,0x00000007b8dce138,0x00000007b8e00000)
  to   space 93184K, 0% used [0x00000007ba500000,0x00000007ba500000,0x00000007c0000000)
 ParOldGen       total 508928K, used 437679K [0x0000000760000000, 0x000000077f100000, 0x00000007a0000000)
  object space 508928K, 86% used [0x0000000760000000,0x000000077ab6bfb8,0x000000077f100000)
 Metaspace       used 134957K, capacity 151120K, committed 152152K, reserved 1179648K
  class space    used 16718K, capacity 20835K, committed 21120K, reserved 1048576K
GC Heap History (10 events):
Event: 22315.104 GC heap before
{Heap before GC invocations=166 (full 7):
 PSYoungGen      total 410624K, used 330224K [0x00000007a0000000, 0x00000007bf280000, 0x00000007c0000000)
  eden space 324096K, 100% used [0x00000007a0000000,0x00000007b3c80000,0x00000007b3c80000)
  from space 86528K, 7% used [0x00000007b9e00000,0x00000007ba3fc030,0x00000007bf280000)
  to   space 93184K, 0% used [0x00000007b3c80000,0x00000007b3c80000,0x00000007b9780000)
 ParOldGen       total 508928K, used 396234K [0x0000000760000000, 0x000000077f100000, 0x00000007a0000000)
  object space 508928K, 77% used [0x0000000760000000,0x00000007782f28e8,0x000000077f100000)
 Metaspace       used 134125K, capacity 149762K, committed 151000K, reserved 1179648K
  class space    used 16568K, capacity 20531K, committed 20736K, reserved 1048576K
Event: 22315.151 GC heap after
Heap after GC invocations=166 (full 7):
 PSYoungGen      total 417280K, used 27436K [0x00000007a0000000, 0x00000007bfc80000, 0x00000007c0000000)
  eden space 324096K, 0% used [0x00000007a0000000,0x00000007a0000000,0x00000007b3c80000)
  from space 93184K, 29% used [0x00000007b3c80000,0x00000007b574b208,0x00000007b9780000)
  to   space 88064K, 0% used [0x00000007ba680000,0x00000007ba680000,0x00000007bfc80000)
 ParOldGen       total 508928K, used 397398K [0x0000000760000000, 0x000000077f100000, 0x00000007a0000000)
  object space 508928K, 78% used [0x0000000760000000,0x0000000778415958,0x000000077f100000)
 Metaspace       used 134125K, capacity 149762K, committed 151000K, reserved 1179648K
  class space    used 16568K, capacity 20531K, committed 20736K, reserved 1048576K
}
Event: 22355.754 GC heap before
{Heap before GC invocations=167 (full 7):
 PSYoungGen      total 417280K, used 351532K [0x00000007a0000000, 0x00000007bfc80000, 0x00000007c0000000)
  eden space 324096K, 100% used [0x00000007a0000000,0x00000007b3c80000,0x00000007b3c80000)
  from space 93184K, 29% used [0x00000007b3c80000,0x00000007b574b208,0x00000007b9780000)
  to   space 88064K, 0% used [0x00000007ba680000,0x00000007ba680000,0x00000007bfc80000)
 ParOldGen       total 508928K, used 397398K [0x0000000760000000, 0x000000077f100000, 0x00000007a0000000)
  object space 508928K, 78% used [0x0000000760000000,0x0000000778415958,0x000000077f100000)
 Metaspace       used 134186K, capacity 149894K, committed 151128K, reserved 1179648K
  class space    used 16581K, capacity 20573K, committed 20864K, reserved 1048576K
Event: 22355.784 GC heap after
Heap after GC invocations=167 (full 7):
 PSYoungGen      total 419328K, used 13216K [0x00000007a0000000, 0x00000007bf100000, 0x00000007c0000000)
  eden space 343040K, 0% used [0x00000007a0000000,0x00000007a0000000,0x00000007b4f00000)
  from space 76288K, 17% used [0x00000007ba680000,0x00000007bb368020,0x00000007bf100000)
  to   space 82944K, 0% used [0x00000007b4f00000,0x00000007b4f00000,0x00000007ba000000)
 ParOldGen       total 508928K, used 397998K [0x0000000760000000, 0x000000077f100000, 0x00000007a0000000)
  object space 508928K, 78% used [0x0000000760000000,0x00000007784ab988,0x000000077f100000)
 Metaspace       used 134186K, capacity 149894K, committed 151128K, reserved 1179648K
  class space    used 16581K, capacity 20573K, committed 20864K, reserved 1048576K
}
Event: 22360.154 GC heap before
{Heap before GC invocations=168 (full 7):
 PSYoungGen      total 419328K, used 356256K [0x00000007a0000000, 0x00000007bf100000, 0x00000007c0000000)
  eden space 343040K, 100% used [0x00000007a0000000,0x00000007b4f00000,0x00000007b4f00000)
  from space 76288K, 17% used [0x00000007ba680000,0x00000007bb368020,0x00000007bf100000)
  to   space 82944K, 0% used [0x00000007b4f00000,0x00000007b4f00000,0x00000007ba000000)
 ParOldGen       total 508928K, used 397998K [0x0000000760000000, 0x000000077f100000, 0x00000007a0000000)
  object space 508928K, 78% used [0x0000000760000000,0x00000007784ab988,0x000000077f100000)
 Metaspace       used 134201K, capacity 149912K, committed 151128K, reserved 1179648K
  class space    used 16582K, capacity 20576K, committed 20864K, reserved 1048576K
Event: 22360.189 GC heap after
Heap after GC invocations=168 (full 7):
 PSYoungGen      total 425984K, used 10207K [0x00000007a0000000, 0x00000007bfe80000, 0x00000007c0000000)
  eden space 343040K, 0% used [0x00000007a0000000,0x00000007a0000000,0x00000007b4f00000)
  from space 82944K, 12% used [0x00000007b4f00000,0x00000007b58f7da8,0x00000007ba000000)
  to   space 78848K, 0% used [0x00000007bb180000,0x00000007bb180000,0x00000007bfe80000)
 ParOldGen       total 508928K, used 404281K [0x0000000760000000, 0x000000077f100000, 0x00000007a0000000)
  object space 508928K, 79% used [0x0000000760000000,0x0000000778ace628,0x000000077f100000)
 Metaspace       used 134201K, capacity 149912K, committed 151128K, reserved 1179648K
  class space    used 16582K, capacity 20576K, committed 20864K, reserved 1048576K
}
Event: 22363.021 GC heap before
{Heap before GC invocations=169 (full 7):
 PSYoungGen      total 425984K, used 353247K [0x00000007a0000000, 0x00000007bfe80000, 0x00000007c0000000)
  eden space 343040K, 100% used [0x00000007a0000000,0x00000007b4f00000,0x00000007b4f00000)
  from space 82944K, 12% used [0x00000007b4f00000,0x00000007b58f7da8,0x00000007ba000000)
  to   space 78848K, 0% used [0x00000007bb180000,0x00000007bb180000,0x00000007bfe80000)
 ParOldGen       total 508928K, used 404295K [0x0000000760000000, 0x000000077f100000, 0x00000007a0000000)
  object space 508928K, 79% used [0x0000000760000000,0x0000000778ad1ec8,0x000000077f100000)
 Metaspace       used 134208K, capacity 149912K, committed 151128K, reserved 1179648K
  class space    used 16582K, capacity 20576K, committed 20864K, reserved 1048576K
Event: 22363.131 GC heap after
Heap after GC invocations=169 (full 7):
 PSYoungGen      total 429056K, used 58183K [0x00000007a0000000, 0x00000007c0000000, 0x00000007c0000000)
  eden space 350208K, 0% used [0x00000007a0000000,0x00000007a0000000,0x00000007b5600000)
  from space 78848K, 73% used [0x00000007bb180000,0x00000007bea51fa8,0x00000007bfe80000)
  to   space 87040K, 0% used [0x00000007b5600000,0x00000007b5600000,0x00000007bab00000)
 ParOldGen       total 508928K, used 405651K [0x0000000760000000, 0x000000077f100000, 0x00000007a0000000)
  object space 508928K, 79% used [0x0000000760000000,0x0000000778c24de8,0x000000077f100000)
 Metaspace       used 134208K, capacity 149912K, committed 151128K, reserved 1179648K
  class space    used 16582K, capacity 20576K, committed 20864K, reserved 1048576K
}
Event: 22365.183 GC heap before
{Heap before GC invocations=170 (full 7):
 PSYoungGen      total 429056K, used 408391K [0x00000007a0000000, 0x00000007c0000000, 0x00000007c0000000)
  eden space 350208K, 100% used [0x00000007a0000000,0x00000007b5600000,0x00000007b5600000)
  from space 78848K, 73% used [0x00000007bb180000,0x00000007bea51fa8,0x00000007bfe80000)
  to   space 87040K, 0% used [0x00000007b5600000,0x00000007b5600000,0x00000007bab00000)
 ParOldGen       total 508928K, used 405653K [0x0000000760000000, 0x000000077f100000, 0x00000007a0000000)
  object space 508928K, 79% used [0x0000000760000000,0x0000000778c255d0,0x000000077f100000)
 Metaspace       used 134208K, capacity 149912K, committed 151128K, reserved 1179648K
  class space    used 16582K, capacity 20576K, committed 20864K, reserved 1048576K
Event: 22365.523 GC heap after
Heap after GC invocations=170 (full 7):
 PSYoungGen      total 407552K, used 57144K [0x00000007a0000000, 0x00000007c0000000, 0x00000007c0000000)
  eden space 350208K, 0% used [0x00000007a0000000,0x00000007a0000000,0x00000007b5600000)
  from space 57344K, 99% used [0x00000007b5600000,0x00000007b8dce138,0x00000007b8e00000)
  to   space 93184K, 0% used [0x00000007ba500000,0x00000007ba500000,0x00000007c0000000)
 ParOldGen       total 508928K, used 437679K [0x0000000760000000, 0x000000077f100000, 0x00000007a0000000)
  object space 508928K, 86% used [0x0000000760000000,0x000000077ab6bfb8,0x000000077f100000)
 Metaspace       used 134208K, capacity 149912K, committed 151128K, reserved 1179648K
  class space    used 16582K, capacity 20576K, committed 20864K, reserved 1048576K
}

